{"uid":"3cd757ab72d3583","name":"A test for setting a value in a field","fullName":"application.Samples.Form.FileUploadOnFormTest#edit","historyId":"6bfd6ecf6699c63f8131e29fa60aea9a","time":{"start":1743684610545,"stop":1743684635720,"duration":25175},"description":"The test sets the value in the field, and then checks the value in the field with what should be set","descriptionHtml":"<p>The test sets the value in the field, and then checks the value in the field with what should be set</p>\n","status":"broken","statusMessage":"Failed to move file /home/runner/work/cxbox-code-samples/cxbox-code-samples/build/downloads/1743684610633_40665_1/.com.google.Chrome.4SgZw7 to /home/runner/work/cxbox-code-samples/cxbox-code-samples/build/downloads/5634c49d-64b1-44f5-8a44-84a14e3e5817/.com.google.Chrome.4SgZw7 (files in /home/runner/work/cxbox-code-samples/cxbox-code-samples/build/downloads/1743684610633_40665_1: [FILE_1.txt.crdownload])","statusTrace":"java.lang.IllegalStateException: Failed to move file /home/runner/work/cxbox-code-samples/cxbox-code-samples/build/downloads/1743684610633_40665_1/.com.google.Chrome.4SgZw7 to /home/runner/work/cxbox-code-samples/cxbox-code-samples/build/downloads/5634c49d-64b1-44f5-8a44-84a14e3e5817/.com.google.Chrome.4SgZw7 (files in /home/runner/work/cxbox-code-samples/cxbox-code-samples/build/downloads/1743684610633_40665_1: [FILE_1.txt.crdownload])\n\tat com.codeborne.selenide.impl.FileHelper.moveFile(FileHelper.java:61)\n\tat com.codeborne.selenide.impl.DownloadFileToFolder.archiveFile(DownloadFileToFolder.java:196)\n\tat com.codeborne.selenide.impl.DownloadFileToFolder.clickAndWaitForNewFilesInDownloadsFolder(DownloadFileToFolder.java:80)\n\tat com.codeborne.selenide.impl.DownloadFileToFolder.download(DownloadFileToFolder.java:47)\n\tat com.codeborne.selenide.commands.DownloadFile.execute(DownloadFile.java:64)\n\tat com.codeborne.selenide.commands.DownloadFile.execute(DownloadFile.java:28)\n\tat com.codeborne.selenide.commands.Commands.execute(Commands.java:160)\n\tat com.codeborne.selenide.impl.SelenideElementProxy.dispatchAndRetry(SelenideElementProxy.java:131)\n\tat com.codeborne.selenide.impl.SelenideElementProxy.invoke(SelenideElementProxy.java:83)\n\tat jdk.proxy2/jdk.proxy2.$Proxy26.download(Unknown Source)\n\tat core.widget.form.field.fileupload.FileUpload.lambda$getValueName$2(FileUpload.java:87)\n\tat io.qameta.allure.Allure.lambda$step$4(Allure.java:166)\n\tat io.qameta.allure.Allure.step(Allure.java:181)\n\tat io.qameta.allure.Allure.step(Allure.java:164)\n\tat core.widget.form.field.fileupload.FileUpload.getValueName(FileUpload.java:81)\n\tat application.Samples.Form.FileUploadOnFormTest.edit(FileUploadOnFormTest.java:85)\n\tat java.base/java.lang.reflect.Method.invoke(Method.java:569)\n\tat java.base/java.util.ArrayList.forEach(ArrayList.java:1511)\n\tat java.base/java.util.ArrayList.forEach(ArrayList.java:1511)\nCaused by: java.io.FileNotFoundException: Source '/home/runner/work/cxbox-code-samples/cxbox-code-samples/build/downloads/1743684610633_40665_1/.com.google.Chrome.4SgZw7' does not exist\n\tat org.apache.commons.io.FileUtils.checkFileExists(FileUtils.java:317)\n\tat org.apache.commons.io.FileUtils.moveFile(FileUtils.java:2540)\n\tat org.apache.commons.io.FileUtils.moveFile(FileUtils.java:2519)\n\tat com.codeborne.selenide.impl.FileHelper.moveFile(FileHelper.java:56)\n\t... 18 more\n","flaky":false,"newFailed":false,"newBroken":false,"newPassed":false,"retriesCount":0,"retriesStatusChange":false,"beforeStages":[{"name":"setUpAllure","time":{"start":1743684457300,"stop":1743684457352,"duration":52},"status":"passed","steps":[],"attachments":[],"parameters":[],"shouldDisplayMessage":false,"stepsCount":0,"attachmentsCount":0,"hasContent":false,"attachmentStep":false},{"name":"setUp","time":{"start":1743684610551,"stop":1743684616397,"duration":5846},"status":"passed","steps":[{"name":"Launching the browser...","time":{"start":1743684610551,"stop":1743684616397,"duration":5846},"status":"passed","steps":[{"name":"Authorization via KeyCloak with login: demo and password","time":{"start":1743684615000,"stop":1743684616397,"duration":1397},"status":"passed","steps":[{"name":"Entering a username: demo","time":{"start":1743684615000,"stop":1743684615498,"duration":498},"status":"passed","steps":[],"attachments":[],"parameters":[{"name":"startTime","value":"12:50:15 03-04-2025"},{"name":"login","value":"demo"}],"shouldDisplayMessage":false,"stepsCount":0,"attachmentsCount":0,"hasContent":true,"attachmentStep":false},{"name":"Entering a password","time":{"start":1743684615499,"stop":1743684615866,"duration":367},"status":"passed","steps":[],"attachments":[],"parameters":[{"name":"startTime","value":"12:50:15 03-04-2025"}],"shouldDisplayMessage":false,"stepsCount":0,"attachmentsCount":0,"hasContent":true,"attachmentStep":false},{"name":"Clicking on the Login button","time":{"start":1743684615866,"stop":1743684616194,"duration":328},"status":"passed","steps":[],"attachments":[],"parameters":[{"name":"startTime","value":"12:50:15 03-04-2025"}],"shouldDisplayMessage":false,"stepsCount":0,"attachmentsCount":0,"hasContent":true,"attachmentStep":false}],"attachments":[],"parameters":[{"name":"startTime","value":"12:50:15 03-04-2025"},{"name":"login","value":"demo"}],"shouldDisplayMessage":false,"stepsCount":3,"attachmentsCount":0,"hasContent":true,"attachmentStep":false}],"attachments":[],"parameters":[{"name":"startTime","value":"12:50:10 03-04-2025"}],"shouldDisplayMessage":false,"stepsCount":4,"attachmentsCount":0,"hasContent":true,"attachmentStep":false}],"attachments":[],"parameters":[],"shouldDisplayMessage":false,"stepsCount":5,"attachmentsCount":0,"hasContent":true,"attachmentStep":false}],"testStage":{"description":"The test sets the value in the field, and then checks the value in the field with what should be set","status":"broken","statusMessage":"Failed to move file /home/runner/work/cxbox-code-samples/cxbox-code-samples/build/downloads/1743684610633_40665_1/.com.google.Chrome.4SgZw7 to /home/runner/work/cxbox-code-samples/cxbox-code-samples/build/downloads/5634c49d-64b1-44f5-8a44-84a14e3e5817/.com.google.Chrome.4SgZw7 (files in /home/runner/work/cxbox-code-samples/cxbox-code-samples/build/downloads/1743684610633_40665_1: [FILE_1.txt.crdownload])","statusTrace":"java.lang.IllegalStateException: Failed to move file /home/runner/work/cxbox-code-samples/cxbox-code-samples/build/downloads/1743684610633_40665_1/.com.google.Chrome.4SgZw7 to /home/runner/work/cxbox-code-samples/cxbox-code-samples/build/downloads/5634c49d-64b1-44f5-8a44-84a14e3e5817/.com.google.Chrome.4SgZw7 (files in /home/runner/work/cxbox-code-samples/cxbox-code-samples/build/downloads/1743684610633_40665_1: [FILE_1.txt.crdownload])\n\tat com.codeborne.selenide.impl.FileHelper.moveFile(FileHelper.java:61)\n\tat com.codeborne.selenide.impl.DownloadFileToFolder.archiveFile(DownloadFileToFolder.java:196)\n\tat com.codeborne.selenide.impl.DownloadFileToFolder.clickAndWaitForNewFilesInDownloadsFolder(DownloadFileToFolder.java:80)\n\tat com.codeborne.selenide.impl.DownloadFileToFolder.download(DownloadFileToFolder.java:47)\n\tat com.codeborne.selenide.commands.DownloadFile.execute(DownloadFile.java:64)\n\tat com.codeborne.selenide.commands.DownloadFile.execute(DownloadFile.java:28)\n\tat com.codeborne.selenide.commands.Commands.execute(Commands.java:160)\n\tat com.codeborne.selenide.impl.SelenideElementProxy.dispatchAndRetry(SelenideElementProxy.java:131)\n\tat com.codeborne.selenide.impl.SelenideElementProxy.invoke(SelenideElementProxy.java:83)\n\tat jdk.proxy2/jdk.proxy2.$Proxy26.download(Unknown Source)\n\tat core.widget.form.field.fileupload.FileUpload.lambda$getValueName$2(FileUpload.java:87)\n\tat io.qameta.allure.Allure.lambda$step$4(Allure.java:166)\n\tat io.qameta.allure.Allure.step(Allure.java:181)\n\tat io.qameta.allure.Allure.step(Allure.java:164)\n\tat core.widget.form.field.fileupload.FileUpload.getValueName(FileUpload.java:81)\n\tat application.Samples.Form.FileUploadOnFormTest.edit(FileUploadOnFormTest.java:85)\n\tat java.base/java.lang.reflect.Method.invoke(Method.java:569)\n\tat java.base/java.util.ArrayList.forEach(ArrayList.java:1511)\n\tat java.base/java.util.ArrayList.forEach(ArrayList.java:1511)\nCaused by: java.io.FileNotFoundException: Source '/home/runner/work/cxbox-code-samples/cxbox-code-samples/build/downloads/1743684610633_40665_1/.com.google.Chrome.4SgZw7' does not exist\n\tat org.apache.commons.io.FileUtils.checkFileExists(FileUtils.java:317)\n\tat org.apache.commons.io.FileUtils.moveFile(FileUtils.java:2540)\n\tat org.apache.commons.io.FileUtils.moveFile(FileUtils.java:2519)\n\tat com.codeborne.selenide.impl.FileHelper.moveFile(FileHelper.java:56)\n\t... 18 more\n","steps":[{"name":"Selecting the FileUpload basic section in the left menu.","time":{"start":1743684616398,"stop":1743684629022,"duration":12624},"status":"passed","steps":[],"attachments":[],"parameters":[{"name":"sectionName","value":"FileUpload basic"},{"name":"startTime","value":"12:50:16 03-04-2025"}],"shouldDisplayMessage":false,"stepsCount":0,"attachmentsCount":0,"hasContent":true,"attachmentStep":false},{"name":"Selecting a tab Form on a page","time":{"start":1743684629022,"stop":1743684630020,"duration":998},"status":"passed","steps":[],"attachments":[],"parameters":[{"name":"startTime","value":"12:50:29 03-04-2025"},{"name":"Name of tab","value":"Form"}],"shouldDisplayMessage":false,"stepsCount":0,"attachmentsCount":0,"hasContent":true,"attachmentStep":false},{"name":"Validation FormWidget by heading (Title) Form title","time":{"start":1743684630020,"stop":1743684630066,"duration":46},"status":"passed","steps":[],"attachments":[],"parameters":[{"name":"startTime","value":"12:50:30 03-04-2025"},{"name":"Widget title","value":"Form title"}],"shouldDisplayMessage":false,"stepsCount":0,"attachmentsCount":0,"hasContent":true,"attachmentStep":false},{"name":"Validation of a field with the FileUpload by heading Custom Field","time":{"start":1743684630066,"stop":1743684630067,"duration":1},"status":"passed","steps":[],"attachments":[],"parameters":[{"name":"startTime","value":"12:50:30 03-04-2025"},{"name":"Field heading","value":"Custom Field"}],"shouldDisplayMessage":false,"stepsCount":0,"attachmentsCount":0,"hasContent":true,"attachmentStep":false},{"name":"Uploading a file to the {value} field","time":{"start":1743684630067,"stop":1743684631534,"duration":1467},"status":"passed","steps":[],"attachments":[],"parameters":[{"name":"startTime","value":"12:50:30 03-04-2025"},{"name":"File","value":"FILE_1.txt"}],"shouldDisplayMessage":false,"stepsCount":0,"attachmentsCount":0,"hasContent":true,"attachmentStep":false},{"name":"Getting the downloaded file name","time":{"start":1743684631534,"stop":1743684633266,"duration":1732},"status":"broken","statusMessage":"Failed to move file /home/runner/work/cxbox-code-samples/cxbox-code-samples/build/downloads/1743684610633_40665_1/.com.google.Chrome.4SgZw7 to /home/runner/work/cxbox-code-samples/cxbox-code-samples/build/downloads/5634c49d-64b1-44f5-8a44-84a14e3e5817/.com.google.Chrome.4SgZw7 (files in /home/runner/work/cxbox-code-samples/cxbox-code-samples/build/downloads/1743684610633_40665_1: [FILE_1.txt.crdownload])","statusTrace":"java.lang.IllegalStateException: Failed to move file /home/runner/work/cxbox-code-samples/cxbox-code-samples/build/downloads/1743684610633_40665_1/.com.google.Chrome.4SgZw7 to /home/runner/work/cxbox-code-samples/cxbox-code-samples/build/downloads/5634c49d-64b1-44f5-8a44-84a14e3e5817/.com.google.Chrome.4SgZw7 (files in /home/runner/work/cxbox-code-samples/cxbox-code-samples/build/downloads/1743684610633_40665_1: [FILE_1.txt.crdownload])\n\tat com.codeborne.selenide.impl.FileHelper.moveFile(FileHelper.java:61)\n\tat com.codeborne.selenide.impl.DownloadFileToFolder.archiveFile(DownloadFileToFolder.java:196)\n\tat com.codeborne.selenide.impl.DownloadFileToFolder.clickAndWaitForNewFilesInDownloadsFolder(DownloadFileToFolder.java:80)\n\tat com.codeborne.selenide.impl.DownloadFileToFolder.download(DownloadFileToFolder.java:47)\n\tat com.codeborne.selenide.commands.DownloadFile.execute(DownloadFile.java:64)\n\tat com.codeborne.selenide.commands.DownloadFile.execute(DownloadFile.java:28)\n\tat com.codeborne.selenide.commands.Commands.execute(Commands.java:160)\n\tat com.codeborne.selenide.impl.SelenideElementProxy.dispatchAndRetry(SelenideElementProxy.java:131)\n\tat com.codeborne.selenide.impl.SelenideElementProxy.invoke(SelenideElementProxy.java:83)\n\tat jdk.proxy2/jdk.proxy2.$Proxy26.download(Unknown Source)\n\tat core.widget.form.field.fileupload.FileUpload.lambda$getValueName$2(FileUpload.java:87)\n\tat io.qameta.allure.Allure.lambda$step$4(Allure.java:166)\n\tat io.qameta.allure.Allure.step(Allure.java:181)\n\tat io.qameta.allure.Allure.step(Allure.java:164)\n\tat core.widget.form.field.fileupload.FileUpload.getValueName(FileUpload.java:81)\n\tat application.Samples.Form.FileUploadOnFormTest.edit(FileUploadOnFormTest.java:85)\n\tat java.base/jdk.internal.reflect.NativeMethodAccessorImpl.invoke0(Native Method)\n\tat java.base/jdk.internal.reflect.NativeMethodAccessorImpl.invoke(NativeMethodAccessorImpl.java:77)\n\tat java.base/jdk.internal.reflect.DelegatingMethodAccessorImpl.invoke(DelegatingMethodAccessorImpl.java:43)\n\tat java.base/java.lang.reflect.Method.invoke(Method.java:569)\n\tat org.junit.platform.commons.util.ReflectionUtils.invokeMethod(ReflectionUtils.java:728)\n\tat org.junit.jupiter.engine.execution.MethodInvocation.proceed(MethodInvocation.java:60)\n\tat org.junit.jupiter.engine.execution.InvocationInterceptorChain$ValidatingInvocation.proceed(InvocationInterceptorChain.java:131)\n\tat org.junit.jupiter.api.extension.InvocationInterceptor.interceptTestMethod(InvocationInterceptor.java:119)\n\tat org.junit.jupiter.engine.execution.InterceptingExecutableInvoker$ReflectiveInterceptorCall.lambda$ofVoidMethod$0(InterceptingExecutableInvoker.java:103)\n\tat org.junit.jupiter.engine.execution.InterceptingExecutableInvoker.lambda$invoke$0(InterceptingExecutableInvoker.java:93)\n\tat org.junit.jupiter.engine.execution.InvocationInterceptorChain$InterceptedInvocation.proceed(InvocationInterceptorChain.java:106)\n\tat org.junit.jupiter.engine.extension.TimeoutExtension.intercept(TimeoutExtension.java:156)\n\tat org.junit.jupiter.engine.extension.TimeoutExtension.interceptTestableMethod(TimeoutExtension.java:147)\n\tat org.junit.jupiter.engine.extension.TimeoutExtension.interceptTestMethod(TimeoutExtension.java:86)\n\tat org.junit.jupiter.engine.execution.InterceptingExecutableInvoker$ReflectiveInterceptorCall.lambda$ofVoidMethod$0(InterceptingExecutableInvoker.java:103)\n\tat org.junit.jupiter.engine.execution.InterceptingExecutableInvoker.lambda$invoke$0(InterceptingExecutableInvoker.java:93)\n\tat org.junit.jupiter.engine.execution.InvocationInterceptorChain$InterceptedInvocation.proceed(InvocationInterceptorChain.java:106)\n\tat org.junit.jupiter.engine.execution.InvocationInterceptorChain.proceed(InvocationInterceptorChain.java:64)\n\tat org.junit.jupiter.engine.execution.InvocationInterceptorChain.chainAndInvoke(InvocationInterceptorChain.java:45)\n\tat org.junit.jupiter.engine.execution.InvocationInterceptorChain.invoke(InvocationInterceptorChain.java:37)\n\tat org.junit.jupiter.engine.execution.InterceptingExecutableInvoker.invoke(InterceptingExecutableInvoker.java:92)\n\tat org.junit.jupiter.engine.execution.InterceptingExecutableInvoker.invoke(InterceptingExecutableInvoker.java:86)\n\tat org.junit.jupiter.engine.descriptor.TestMethodTestDescriptor.lambda$invokeTestMethod$7(TestMethodTestDescriptor.java:218)\n\tat org.junit.platform.engine.support.hierarchical.ThrowableCollector.execute(ThrowableCollector.java:73)\n\tat org.junit.jupiter.engine.descriptor.TestMethodTestDescriptor.invokeTestMethod(TestMethodTestDescriptor.java:214)\n\tat org.junit.jupiter.engine.descriptor.TestMethodTestDescriptor.execute(TestMethodTestDescriptor.java:139)\n\tat org.junit.jupiter.engine.descriptor.TestMethodTestDescriptor.execute(TestMethodTestDescriptor.java:69)\n\tat org.junit.platform.engine.support.hierarchical.NodeTestTask.lambda$executeRecursively$6(NodeTestTask.java:156)\n\tat org.junit.platform.engine.support.hierarchical.ThrowableCollector.execute(ThrowableCollector.java:73)\n\tat org.junit.platform.engine.support.hierarchical.NodeTestTask.lambda$executeRecursively$8(NodeTestTask.java:146)\n\tat org.junit.platform.engine.support.hierarchical.Node.around(Node.java:137)\n\tat org.junit.platform.engine.support.hierarchical.NodeTestTask.lambda$executeRecursively$9(NodeTestTask.java:144)\n\tat org.junit.platform.engine.support.hierarchical.ThrowableCollector.execute(ThrowableCollector.java:73)\n\tat org.junit.platform.engine.support.hierarchical.NodeTestTask.executeRecursively(NodeTestTask.java:143)\n\tat org.junit.platform.engine.support.hierarchical.NodeTestTask.execute(NodeTestTask.java:100)\n\tat java.base/java.util.ArrayList.forEach(ArrayList.java:1511)\n\tat org.junit.platform.engine.support.hierarchical.SameThreadHierarchicalTestExecutorService.invokeAll(SameThreadHierarchicalTestExecutorService.java:41)\n\tat org.junit.platform.engine.support.hierarchical.NodeTestTask.lambda$executeRecursively$6(NodeTestTask.java:160)\n\tat org.junit.platform.engine.support.hierarchical.ThrowableCollector.execute(ThrowableCollector.java:73)\n\tat org.junit.platform.engine.support.hierarchical.NodeTestTask.lambda$executeRecursively$8(NodeTestTask.java:146)\n\tat org.junit.platform.engine.support.hierarchical.Node.around(Node.java:137)\n\tat org.junit.platform.engine.support.hierarchical.NodeTestTask.lambda$executeRecursively$9(NodeTestTask.java:144)\n\tat org.junit.platform.engine.support.hierarchical.ThrowableCollector.execute(ThrowableCollector.java:73)\n\tat org.junit.platform.engine.support.hierarchical.NodeTestTask.executeRecursively(NodeTestTask.java:143)\n\tat org.junit.platform.engine.support.hierarchical.NodeTestTask.execute(NodeTestTask.java:100)\n\tat java.base/java.util.ArrayList.forEach(ArrayList.java:1511)\n\tat org.junit.platform.engine.support.hierarchical.SameThreadHierarchicalTestExecutorService.invokeAll(SameThreadHierarchicalTestExecutorService.java:41)\n\tat org.junit.platform.engine.support.hierarchical.NodeTestTask.lambda$executeRecursively$6(NodeTestTask.java:160)\n\tat org.junit.platform.engine.support.hierarchical.ThrowableCollector.execute(ThrowableCollector.java:73)\n\tat org.junit.platform.engine.support.hierarchical.NodeTestTask.lambda$executeRecursively$8(NodeTestTask.java:146)\n\tat org.junit.platform.engine.support.hierarchical.Node.around(Node.java:137)\n\tat org.junit.platform.engine.support.hierarchical.NodeTestTask.lambda$executeRecursively$9(NodeTestTask.java:144)\n\tat org.junit.platform.engine.support.hierarchical.ThrowableCollector.execute(ThrowableCollector.java:73)\n\tat org.junit.platform.engine.support.hierarchical.NodeTestTask.executeRecursively(NodeTestTask.java:143)\n\tat org.junit.platform.engine.support.hierarchical.NodeTestTask.execute(NodeTestTask.java:100)\n\tat org.junit.platform.engine.support.hierarchical.SameThreadHierarchicalTestExecutorService.submit(SameThreadHierarchicalTestExecutorService.java:35)\n\tat org.junit.platform.engine.support.hierarchical.HierarchicalTestExecutor.execute(HierarchicalTestExecutor.java:57)\n\tat org.junit.platform.engine.support.hierarchical.HierarchicalTestEngine.execute(HierarchicalTestEngine.java:54)\n\tat org.junit.platform.launcher.core.EngineExecutionOrchestrator.execute(EngineExecutionOrchestrator.java:198)\n\tat org.junit.platform.launcher.core.EngineExecutionOrchestrator.execute(EngineExecutionOrchestrator.java:169)\n\tat org.junit.platform.launcher.core.EngineExecutionOrchestrator.execute(EngineExecutionOrchestrator.java:93)\n\tat org.junit.platform.launcher.core.EngineExecutionOrchestrator.lambda$execute$0(EngineExecutionOrchestrator.java:58)\n\tat org.junit.platform.launcher.core.EngineExecutionOrchestrator.withInterceptedStreams(EngineExecutionOrchestrator.java:141)\n\tat org.junit.platform.launcher.core.EngineExecutionOrchestrator.execute(EngineExecutionOrchestrator.java:57)\n\tat org.junit.platform.launcher.core.DefaultLauncher.execute(DefaultLauncher.java:103)\n\tat org.junit.platform.launcher.core.DefaultLauncher.execute(DefaultLauncher.java:85)\n\tat org.junit.platform.launcher.core.DelegatingLauncher.execute(DelegatingLauncher.java:47)\n\tat org.apache.maven.surefire.junitplatform.LazyLauncher.execute(LazyLauncher.java:56)\n\tat org.apache.maven.surefire.junitplatform.JUnitPlatformProvider.execute(JUnitPlatformProvider.java:184)\n\tat org.apache.maven.surefire.junitplatform.JUnitPlatformProvider.invokeAllTests(JUnitPlatformProvider.java:148)\n\tat org.apache.maven.surefire.junitplatform.JUnitPlatformProvider.invoke(JUnitPlatformProvider.java:120)\n\tat org.apache.maven.surefire.booter.ForkedBooter.runSuitesInProcess(ForkedBooter.java:385)\n\tat org.apache.maven.surefire.booter.ForkedBooter.execute(ForkedBooter.java:162)\n\tat org.apache.maven.surefire.booter.ForkedBooter.run(ForkedBooter.java:507)\n\tat org.apache.maven.surefire.booter.ForkedBooter.main(ForkedBooter.java:495)\nCaused by: java.io.FileNotFoundException: Source '/home/runner/work/cxbox-code-samples/cxbox-code-samples/build/downloads/1743684610633_40665_1/.com.google.Chrome.4SgZw7' does not exist\n\tat org.apache.commons.io.FileUtils.checkFileExists(FileUtils.java:317)\n\tat org.apache.commons.io.FileUtils.moveFile(FileUtils.java:2540)\n\tat org.apache.commons.io.FileUtils.moveFile(FileUtils.java:2519)\n\tat com.codeborne.selenide.impl.FileHelper.moveFile(FileHelper.java:56)\n\t... 90 more\n","steps":[],"attachments":[{"uid":"16c2d855a3fea2d3","name":"Screenshot","source":"16c2d855a3fea2d3.png","type":"image/png","size":56353},{"uid":"5100f17c2568711","name":"Page source","source":"5100f17c2568711.html","type":"text/html","size":381302}],"parameters":[{"name":"startTime","value":"12:50:31 03-04-2025"}],"shouldDisplayMessage":true,"stepsCount":0,"attachmentsCount":2,"hasContent":true,"attachmentStep":false}],"attachments":[],"parameters":[],"shouldDisplayMessage":false,"stepsCount":6,"attachmentsCount":2,"hasContent":true,"attachmentStep":false},"afterStages":[{"name":"printLogs","time":{"start":1743684633283,"stop":1743684633496,"duration":213},"status":"passed","steps":[{"name":"Print browser logs and response...","time":{"start":1743684633283,"stop":1743684633496,"duration":213},"status":"passed","steps":[],"attachments":[{"uid":"a10cc81507ca2066","name":"Browser Logs","source":"a10cc81507ca2066.txt","type":"text/plain","size":7794},{"uid":"fe3aa6ac066a4230","name":"Browser network","source":"fe3aa6ac066a4230.txt","type":"text/plain","size":9532},{"uid":"df7f169c5e0db83","name":"Login network logs","source":"df7f169c5e0db83.zip","type":"application/zip","size":139858}],"parameters":[{"name":"startTime","value":"12:50:33 03-04-2025"}],"shouldDisplayMessage":false,"stepsCount":0,"attachmentsCount":3,"hasContent":true,"attachmentStep":false}],"attachments":[],"parameters":[],"shouldDisplayMessage":false,"stepsCount":1,"attachmentsCount":3,"hasContent":true,"attachmentStep":false},{"name":"tearDown","time":{"start":1743684633496,"stop":1743684635694,"duration":2198},"status":"passed","steps":[{"name":"Closing the browser window","time":{"start":1743684633496,"stop":1743684635694,"duration":2198},"status":"passed","steps":[],"attachments":[],"parameters":[{"name":"startTime","value":"12:50:33 03-04-2025"}],"shouldDisplayMessage":false,"stepsCount":0,"attachmentsCount":0,"hasContent":true,"attachmentStep":false}],"attachments":[],"parameters":[],"shouldDisplayMessage":false,"stepsCount":1,"attachmentsCount":0,"hasContent":true,"attachmentStep":false}],"labels":[{"name":"tag","value":"Positive"},{"name":"tag","value":"application/Samples"},{"name":"tag","value":"Form"},{"name":"junit.platform.uniqueid","value":"[engine:junit-jupiter]/[class:application.Samples.Form.FileUploadOnFormTest]/[method:edit()]"},{"name":"epic","value":"application/Samples"},{"name":"host","value":"fv-az802-719"},{"name":"thread","value":"40665@fv-az802-719.main(1)"},{"name":"framework","value":"junit-platform"},{"name":"language","value":"java"},{"name":"package","value":"application.Samples.Form.FileUploadOnFormTest"},{"name":"testClass","value":"application.Samples.Form.FileUploadOnFormTest"},{"name":"testMethod","value":"edit"},{"name":"suite","value":"Form. Checking the basic functions for the FileUpload in the widget Form"},{"name":"severity","value":"critical"},{"name":"resultFormat","value":"allure2"}],"parameters":[],"links":[],"hidden":true,"retry":true,"extra":{"categories":[],"tags":["application/Samples","Positive","Form"]},"source":"3cd757ab72d3583.json","parameterValues":[]}