{"uid":"d67cae48ecbbd10c","name":"Business Exception Validation Test","fullName":"application.Samples.Form.MoneyOnFormTest#businessException","historyId":"54546eb56b22c34b693e1b4860bd0f7d","time":{"start":1743800746665,"stop":1743800753500,"duration":6835},"description":"The test sets the value in the field. After approval, the popup window, the title, the text in it, and the buttons are validated","descriptionHtml":"<p>The test sets the value in the field. After approval, the popup window, the title, the text in it, and the buttons are validated</p>\n","status":"broken","statusMessage":"Cannot invoke \"de.sstoehr.harreader.model.Har.getLog()\" because the return value of \"com.browserup.bup.BrowserUpProxy.getHar()\" is null","statusTrace":"java.lang.NullPointerException: Cannot invoke \"de.sstoehr.harreader.model.Har.getLog()\" because the return value of \"com.browserup.bup.BrowserUpProxy.getHar()\" is null\n\tat core.ConfigTest.BrowserLogsUtil.allureAttachNetworkLog(BrowserLogsUtil.java:55)\n\tat core.ConfigTest.BaseTestForSamples.lambda$afterEach$4(BaseTestForSamples.java:146)\n\tat core.ConfigTest.BaseTestForSamples.ifProxyEnabled(BaseTestForSamples.java:84)\n\tat core.ConfigTest.BaseTestForSamples.lambda$afterEach$5(BaseTestForSamples.java:144)\n\tat io.qameta.allure.Allure.lambda$step$3(Allure.java:152)\n\tat io.qameta.allure.Allure.step(Allure.java:181)\n\tat io.qameta.allure.Allure.step(Allure.java:150)\n\tat core.ConfigTest.BaseTestForSamples.afterEach(BaseTestForSamples.java:138)\n\tat java.base/java.lang.reflect.Method.invoke(Method.java:569)\n\tat io.qameta.allure.junit5.AllureJunit5.processFixture(AllureJunit5.java:138)\n\tat io.qameta.allure.junit5.AllureJunit5.interceptAfterEachMethod(AllureJunit5.java:124)\n\tat java.base/java.util.ArrayList.forEach(ArrayList.java:1511)\n\tat java.base/java.util.ArrayList.forEach(ArrayList.java:1511)\n","flaky":false,"newFailed":false,"newBroken":false,"newPassed":false,"retriesCount":0,"retriesStatusChange":false,"beforeStages":[{"name":"setUp","time":{"start":1743800746666,"stop":1743800748654,"duration":1988},"status":"passed","steps":[{"name":"Launching the browser log session","time":{"start":1743800746666,"stop":1743800748654,"duration":1988},"status":"passed","steps":[{"name":"Authorization via KeyCloak with login: demo and password","time":{"start":1743800747184,"stop":1743800748654,"duration":1470},"status":"passed","steps":[{"name":"Entering a username: demo","time":{"start":1743800747185,"stop":1743800747895,"duration":710},"status":"passed","steps":[],"attachments":[],"parameters":[{"name":"startTime","value":"21:05:47 04-04-2025"},{"name":"login","value":"demo"}],"shouldDisplayMessage":false,"stepsCount":0,"attachmentsCount":0,"hasContent":true,"attachmentStep":false},{"name":"Entering a password","time":{"start":1743800747895,"stop":1743800748042,"duration":147},"status":"passed","steps":[],"attachments":[],"parameters":[{"name":"startTime","value":"21:05:47 04-04-2025"}],"shouldDisplayMessage":false,"stepsCount":0,"attachmentsCount":0,"hasContent":true,"attachmentStep":false},{"name":"Clicking on the Login button","time":{"start":1743800748042,"stop":1743800748654,"duration":612},"status":"passed","steps":[],"attachments":[],"parameters":[{"name":"startTime","value":"21:05:48 04-04-2025"}],"shouldDisplayMessage":false,"stepsCount":0,"attachmentsCount":0,"hasContent":true,"attachmentStep":false}],"attachments":[],"parameters":[{"name":"startTime","value":"21:05:47 04-04-2025"},{"name":"login","value":"demo"}],"shouldDisplayMessage":false,"stepsCount":3,"attachmentsCount":0,"hasContent":true,"attachmentStep":false}],"attachments":[],"parameters":[{"name":"startTime","value":"21:05:46 04-04-2025"}],"shouldDisplayMessage":false,"stepsCount":4,"attachmentsCount":0,"hasContent":true,"attachmentStep":false}],"attachments":[],"parameters":[],"shouldDisplayMessage":false,"stepsCount":5,"attachmentsCount":0,"hasContent":true,"attachmentStep":false}],"testStage":{"description":"The test sets the value in the field. After approval, the popup window, the title, the text in it, and the buttons are validated","status":"broken","statusMessage":"Cannot invoke \"de.sstoehr.harreader.model.Har.getLog()\" because the return value of \"com.browserup.bup.BrowserUpProxy.getHar()\" is null","statusTrace":"java.lang.NullPointerException: Cannot invoke \"de.sstoehr.harreader.model.Har.getLog()\" because the return value of \"com.browserup.bup.BrowserUpProxy.getHar()\" is null\n\tat core.ConfigTest.BrowserLogsUtil.allureAttachNetworkLog(BrowserLogsUtil.java:55)\n\tat core.ConfigTest.BaseTestForSamples.lambda$afterEach$4(BaseTestForSamples.java:146)\n\tat core.ConfigTest.BaseTestForSamples.ifProxyEnabled(BaseTestForSamples.java:84)\n\tat core.ConfigTest.BaseTestForSamples.lambda$afterEach$5(BaseTestForSamples.java:144)\n\tat io.qameta.allure.Allure.lambda$step$3(Allure.java:152)\n\tat io.qameta.allure.Allure.step(Allure.java:181)\n\tat io.qameta.allure.Allure.step(Allure.java:150)\n\tat core.ConfigTest.BaseTestForSamples.afterEach(BaseTestForSamples.java:138)\n\tat java.base/java.lang.reflect.Method.invoke(Method.java:569)\n\tat io.qameta.allure.junit5.AllureJunit5.processFixture(AllureJunit5.java:138)\n\tat io.qameta.allure.junit5.AllureJunit5.interceptAfterEachMethod(AllureJunit5.java:124)\n\tat java.base/java.util.ArrayList.forEach(ArrayList.java:1511)\n\tat java.base/java.util.ArrayList.forEach(ArrayList.java:1511)\n","steps":[{"name":"Selecting the Money validation business exception section in the left menu.","time":{"start":1743800748654,"stop":1743800752177,"duration":3523},"status":"passed","steps":[],"attachments":[],"parameters":[{"name":"sectionName","value":"Money validation business exception"},{"name":"startTime","value":"21:05:48 04-04-2025"}],"shouldDisplayMessage":false,"stepsCount":0,"attachmentsCount":0,"hasContent":true,"attachmentStep":false},{"name":"Selecting a tab Form on a page","time":{"start":1743800752177,"stop":1743800752449,"duration":272},"status":"passed","steps":[],"attachments":[],"parameters":[{"name":"startTime","value":"21:05:52 04-04-2025"},{"name":"Name of tab","value":"Form"}],"shouldDisplayMessage":false,"stepsCount":0,"attachmentsCount":0,"hasContent":true,"attachmentStep":false},{"name":"Validation FormWidget by heading (Title) Form title","time":{"start":1743800752449,"stop":1743800752480,"duration":31},"status":"passed","steps":[],"attachments":[],"parameters":[{"name":"startTime","value":"21:05:52 04-04-2025"},{"name":"Widget title","value":"Form title"}],"shouldDisplayMessage":false,"stepsCount":0,"attachmentsCount":0,"hasContent":true,"attachmentStep":false},{"name":"Validation of a field with the Money by heading Custom Field","time":{"start":1743800752480,"stop":1743800752480,"duration":0},"status":"passed","steps":[],"attachments":[],"parameters":[{"name":"startTime","value":"21:05:52 04-04-2025"},{"name":"Field heading","value":"Custom Field"}],"shouldDisplayMessage":false,"stepsCount":0,"attachmentsCount":0,"hasContent":true,"attachmentStep":false},{"name":"Clearing the field","time":{"start":1743800752480,"stop":1743800752773,"duration":293},"status":"passed","steps":[],"attachments":[],"parameters":[{"name":"startTime","value":"21:05:52 04-04-2025"}],"shouldDisplayMessage":false,"stepsCount":0,"attachmentsCount":0,"hasContent":true,"attachmentStep":false},{"name":"Click on the button save","time":{"start":1743800752773,"stop":1743800753002,"duration":229},"status":"passed","steps":[],"attachments":[],"parameters":[{"name":"startTime","value":"21:05:52 04-04-2025"},{"name":"Action name","value":"save"}],"shouldDisplayMessage":false,"stepsCount":0,"attachmentsCount":0,"hasContent":true,"attachmentStep":false},{"name":"Validation of the modal window","time":{"start":1743800753003,"stop":1743800753346,"duration":343},"status":"passed","steps":[],"attachments":[],"parameters":[{"name":"startTime","value":"21:05:53 04-04-2025"}],"shouldDisplayMessage":false,"stepsCount":0,"attachmentsCount":0,"hasContent":true,"attachmentStep":false},{"name":"Calling Error Popup","time":{"start":1743800753347,"stop":1743800753347,"duration":0},"status":"passed","steps":[],"attachments":[],"parameters":[],"shouldDisplayMessage":false,"stepsCount":0,"attachmentsCount":0,"hasContent":false,"attachmentStep":false},{"name":"Getting the header value","time":{"start":1743800753347,"stop":1743800753385,"duration":38},"status":"passed","steps":[],"attachments":[],"parameters":[{"name":"startTime","value":"21:05:53 04-04-2025"}],"shouldDisplayMessage":false,"stepsCount":0,"attachmentsCount":0,"hasContent":true,"attachmentStep":false},{"name":"Calling Error Popup","time":{"start":1743800753385,"stop":1743800753385,"duration":0},"status":"passed","steps":[],"attachments":[],"parameters":[],"shouldDisplayMessage":false,"stepsCount":0,"attachmentsCount":0,"hasContent":false,"attachmentStep":false},{"name":"Getting the message text","time":{"start":1743800753385,"stop":1743800753419,"duration":34},"status":"passed","steps":[],"attachments":[],"parameters":[{"name":"startTime","value":"21:05:53 04-04-2025"}],"shouldDisplayMessage":false,"stepsCount":0,"attachmentsCount":0,"hasContent":true,"attachmentStep":false},{"name":"Calling Error Popup","time":{"start":1743800753419,"stop":1743800753419,"duration":0},"status":"passed","steps":[],"attachments":[],"parameters":[],"shouldDisplayMessage":false,"stepsCount":0,"attachmentsCount":0,"hasContent":false,"attachmentStep":false}],"attachments":[{"uid":"ddfb1ad52594c54a","name":"findPopup","source":"ddfb1ad52594c54a.txt","type":"text/plain","size":41},{"uid":"38a100e020041423","name":"getTitle","source":"38a100e020041423.txt","type":"text/plain","size":5},{"uid":"d7c119314efd459c","name":"getMessage","source":"d7c119314efd459c.txt","type":"text/plain","size":41}],"parameters":[],"shouldDisplayMessage":true,"stepsCount":12,"attachmentsCount":3,"hasContent":true,"attachmentStep":false},"afterStages":[{"name":"afterEach","time":{"start":1743800753498,"stop":1743800753499,"duration":1},"status":"broken","statusMessage":"Cannot invoke \"de.sstoehr.harreader.model.Har.getLog()\" because the return value of \"com.browserup.bup.BrowserUpProxy.getHar()\" is null","statusTrace":"java.lang.NullPointerException: Cannot invoke \"de.sstoehr.harreader.model.Har.getLog()\" because the return value of \"com.browserup.bup.BrowserUpProxy.getHar()\" is null\n\tat core.ConfigTest.BrowserLogsUtil.allureAttachNetworkLog(BrowserLogsUtil.java:55)\n\tat core.ConfigTest.BaseTestForSamples.lambda$afterEach$4(BaseTestForSamples.java:146)\n\tat core.ConfigTest.BaseTestForSamples.ifProxyEnabled(BaseTestForSamples.java:84)\n\tat core.ConfigTest.BaseTestForSamples.lambda$afterEach$5(BaseTestForSamples.java:144)\n\tat io.qameta.allure.Allure.lambda$step$3(Allure.java:152)\n\tat io.qameta.allure.Allure.step(Allure.java:181)\n\tat io.qameta.allure.Allure.step(Allure.java:150)\n\tat core.ConfigTest.BaseTestForSamples.afterEach(BaseTestForSamples.java:138)\n\tat java.base/jdk.internal.reflect.NativeMethodAccessorImpl.invoke0(Native Method)\n\tat java.base/jdk.internal.reflect.NativeMethodAccessorImpl.invoke(NativeMethodAccessorImpl.java:77)\n\tat java.base/jdk.internal.reflect.DelegatingMethodAccessorImpl.invoke(DelegatingMethodAccessorImpl.java:43)\n\tat java.base/java.lang.reflect.Method.invoke(Method.java:569)\n\tat org.junit.platform.commons.util.ReflectionUtils.invokeMethod(ReflectionUtils.java:728)\n\tat org.junit.jupiter.engine.execution.MethodInvocation.proceed(MethodInvocation.java:60)\n\tat org.junit.jupiter.engine.execution.InvocationInterceptorChain$ValidatingInvocation.proceed(InvocationInterceptorChain.java:131)\n\tat io.qameta.allure.junit5.AllureJunit5.processFixture(AllureJunit5.java:138)\n\tat io.qameta.allure.junit5.AllureJunit5.interceptAfterEachMethod(AllureJunit5.java:124)\n\tat org.junit.jupiter.engine.execution.InterceptingExecutableInvoker$ReflectiveInterceptorCall.lambda$ofVoidMethod$0(InterceptingExecutableInvoker.java:103)\n\tat org.junit.jupiter.engine.execution.InterceptingExecutableInvoker.lambda$invoke$0(InterceptingExecutableInvoker.java:93)\n\tat org.junit.jupiter.engine.execution.InvocationInterceptorChain$InterceptedInvocation.proceed(InvocationInterceptorChain.java:106)\n\tat org.junit.jupiter.engine.extension.TimeoutExtension.intercept(TimeoutExtension.java:156)\n\tat org.junit.jupiter.engine.extension.TimeoutExtension.interceptLifecycleMethod(TimeoutExtension.java:128)\n\tat org.junit.jupiter.engine.extension.TimeoutExtension.interceptAfterEachMethod(TimeoutExtension.java:110)\n\tat org.junit.jupiter.engine.execution.InterceptingExecutableInvoker$ReflectiveInterceptorCall.lambda$ofVoidMethod$0(InterceptingExecutableInvoker.java:103)\n\tat org.junit.jupiter.engine.execution.InterceptingExecutableInvoker.lambda$invoke$0(InterceptingExecutableInvoker.java:93)\n\tat org.junit.jupiter.engine.execution.InvocationInterceptorChain$InterceptedInvocation.proceed(InvocationInterceptorChain.java:106)\n\tat org.junit.jupiter.engine.execution.InvocationInterceptorChain.proceed(InvocationInterceptorChain.java:64)\n\tat org.junit.jupiter.engine.execution.InvocationInterceptorChain.chainAndInvoke(InvocationInterceptorChain.java:45)\n\tat org.junit.jupiter.engine.execution.InvocationInterceptorChain.invoke(InvocationInterceptorChain.java:37)\n\tat org.junit.jupiter.engine.execution.InterceptingExecutableInvoker.invoke(InterceptingExecutableInvoker.java:92)\n\tat org.junit.jupiter.engine.execution.InterceptingExecutableInvoker.invoke(InterceptingExecutableInvoker.java:86)\n\tat org.junit.jupiter.engine.descriptor.ClassBasedTestDescriptor.invokeMethodInExtensionContext(ClassBasedTestDescriptor.java:521)\n\tat org.junit.jupiter.engine.descriptor.ClassBasedTestDescriptor.lambda$synthesizeAfterEachMethodAdapter$24(ClassBasedTestDescriptor.java:511)\n\tat org.junit.jupiter.engine.descriptor.TestMethodTestDescriptor.lambda$invokeAfterEachMethods$10(TestMethodTestDescriptor.java:244)\n\tat org.junit.jupiter.engine.descriptor.TestMethodTestDescriptor.lambda$invokeAllAfterMethodsOrCallbacks$13(TestMethodTestDescriptor.java:277)\n\tat org.junit.platform.engine.support.hierarchical.ThrowableCollector.execute(ThrowableCollector.java:73)\n\tat org.junit.jupiter.engine.descriptor.TestMethodTestDescriptor.lambda$invokeAllAfterMethodsOrCallbacks$14(TestMethodTestDescriptor.java:277)\n\tat org.junit.platform.commons.util.CollectionUtils.forEachInReverseOrder(CollectionUtils.java:217)\n\tat org.junit.jupiter.engine.descriptor.TestMethodTestDescriptor.invokeAllAfterMethodsOrCallbacks(TestMethodTestDescriptor.java:276)\n\tat org.junit.jupiter.engine.descriptor.TestMethodTestDescriptor.invokeAfterEachMethods(TestMethodTestDescriptor.java:242)\n\tat org.junit.jupiter.engine.descriptor.TestMethodTestDescriptor.execute(TestMethodTestDescriptor.java:143)\n\tat org.junit.jupiter.engine.descriptor.TestMethodTestDescriptor.execute(TestMethodTestDescriptor.java:69)\n\tat org.junit.platform.engine.support.hierarchical.NodeTestTask.lambda$executeRecursively$6(NodeTestTask.java:156)\n\tat org.junit.platform.engine.support.hierarchical.ThrowableCollector.execute(ThrowableCollector.java:73)\n\tat org.junit.platform.engine.support.hierarchical.NodeTestTask.lambda$executeRecursively$8(NodeTestTask.java:146)\n\tat org.junit.platform.engine.support.hierarchical.Node.around(Node.java:137)\n\tat org.junit.platform.engine.support.hierarchical.NodeTestTask.lambda$executeRecursively$9(NodeTestTask.java:144)\n\tat org.junit.platform.engine.support.hierarchical.ThrowableCollector.execute(ThrowableCollector.java:73)\n\tat org.junit.platform.engine.support.hierarchical.NodeTestTask.executeRecursively(NodeTestTask.java:143)\n\tat org.junit.platform.engine.support.hierarchical.NodeTestTask.execute(NodeTestTask.java:100)\n\tat java.base/java.util.ArrayList.forEach(ArrayList.java:1511)\n\tat org.junit.platform.engine.support.hierarchical.SameThreadHierarchicalTestExecutorService.invokeAll(SameThreadHierarchicalTestExecutorService.java:41)\n\tat org.junit.platform.engine.support.hierarchical.NodeTestTask.lambda$executeRecursively$6(NodeTestTask.java:160)\n\tat org.junit.platform.engine.support.hierarchical.ThrowableCollector.execute(ThrowableCollector.java:73)\n\tat org.junit.platform.engine.support.hierarchical.NodeTestTask.lambda$executeRecursively$8(NodeTestTask.java:146)\n\tat org.junit.platform.engine.support.hierarchical.Node.around(Node.java:137)\n\tat org.junit.platform.engine.support.hierarchical.NodeTestTask.lambda$executeRecursively$9(NodeTestTask.java:144)\n\tat org.junit.platform.engine.support.hierarchical.ThrowableCollector.execute(ThrowableCollector.java:73)\n\tat org.junit.platform.engine.support.hierarchical.NodeTestTask.executeRecursively(NodeTestTask.java:143)\n\tat org.junit.platform.engine.support.hierarchical.NodeTestTask.execute(NodeTestTask.java:100)\n\tat java.base/java.util.ArrayList.forEach(ArrayList.java:1511)\n\tat org.junit.platform.engine.support.hierarchical.SameThreadHierarchicalTestExecutorService.invokeAll(SameThreadHierarchicalTestExecutorService.java:41)\n\tat org.junit.platform.engine.support.hierarchical.NodeTestTask.lambda$executeRecursively$6(NodeTestTask.java:160)\n\tat org.junit.platform.engine.support.hierarchical.ThrowableCollector.execute(ThrowableCollector.java:73)\n\tat org.junit.platform.engine.support.hierarchical.NodeTestTask.lambda$executeRecursively$8(NodeTestTask.java:146)\n\tat org.junit.platform.engine.support.hierarchical.Node.around(Node.java:137)\n\tat org.junit.platform.engine.support.hierarchical.NodeTestTask.lambda$executeRecursively$9(NodeTestTask.java:144)\n\tat org.junit.platform.engine.support.hierarchical.ThrowableCollector.execute(ThrowableCollector.java:73)\n\tat org.junit.platform.engine.support.hierarchical.NodeTestTask.executeRecursively(NodeTestTask.java:143)\n\tat org.junit.platform.engine.support.hierarchical.NodeTestTask.execute(NodeTestTask.java:100)\n\tat org.junit.platform.engine.support.hierarchical.SameThreadHierarchicalTestExecutorService.submit(SameThreadHierarchicalTestExecutorService.java:35)\n\tat org.junit.platform.engine.support.hierarchical.HierarchicalTestExecutor.execute(HierarchicalTestExecutor.java:57)\n\tat org.junit.platform.engine.support.hierarchical.HierarchicalTestEngine.execute(HierarchicalTestEngine.java:54)\n\tat org.junit.platform.launcher.core.EngineExecutionOrchestrator.execute(EngineExecutionOrchestrator.java:198)\n\tat org.junit.platform.launcher.core.EngineExecutionOrchestrator.execute(EngineExecutionOrchestrator.java:169)\n\tat org.junit.platform.launcher.core.EngineExecutionOrchestrator.execute(EngineExecutionOrchestrator.java:93)\n\tat org.junit.platform.launcher.core.EngineExecutionOrchestrator.lambda$execute$0(EngineExecutionOrchestrator.java:58)\n\tat org.junit.platform.launcher.core.EngineExecutionOrchestrator.withInterceptedStreams(EngineExecutionOrchestrator.java:141)\n\tat org.junit.platform.launcher.core.EngineExecutionOrchestrator.execute(EngineExecutionOrchestrator.java:57)\n\tat org.junit.platform.launcher.core.DefaultLauncher.execute(DefaultLauncher.java:103)\n\tat org.junit.platform.launcher.core.DefaultLauncher.execute(DefaultLauncher.java:85)\n\tat org.junit.platform.launcher.core.DelegatingLauncher.execute(DelegatingLauncher.java:47)\n\tat org.apache.maven.surefire.junitplatform.LazyLauncher.execute(LazyLauncher.java:56)\n\tat org.apache.maven.surefire.junitplatform.JUnitPlatformProvider.lambda$execute$1(JUnitPlatformProvider.java:191)\n\tat java.base/java.util.Iterator.forEachRemaining(Iterator.java:133)\n\tat org.apache.maven.surefire.junitplatform.JUnitPlatformProvider.execute(JUnitPlatformProvider.java:186)\n\tat org.apache.maven.surefire.junitplatform.JUnitPlatformProvider.invokeAllTests(JUnitPlatformProvider.java:148)\n\tat org.apache.maven.surefire.junitplatform.JUnitPlatformProvider.invoke(JUnitPlatformProvider.java:118)\n\tat org.apache.maven.surefire.booter.ForkedBooter.runSuitesInProcess(ForkedBooter.java:385)\n\tat org.apache.maven.surefire.booter.ForkedBooter.execute(ForkedBooter.java:162)\n\tat org.apache.maven.surefire.booter.ForkedBooter.run(ForkedBooter.java:507)\n\tat org.apache.maven.surefire.booter.ForkedBooter.main(ForkedBooter.java:495)\n","steps":[{"name":"Attaching test results","time":{"start":1743800753498,"stop":1743800753499,"duration":1},"status":"broken","statusMessage":"Cannot invoke \"de.sstoehr.harreader.model.Har.getLog()\" because the return value of \"com.browserup.bup.BrowserUpProxy.getHar()\" is null","statusTrace":"java.lang.NullPointerException: Cannot invoke \"de.sstoehr.harreader.model.Har.getLog()\" because the return value of \"com.browserup.bup.BrowserUpProxy.getHar()\" is null\n\tat core.ConfigTest.BrowserLogsUtil.allureAttachNetworkLog(BrowserLogsUtil.java:55)\n\tat core.ConfigTest.BaseTestForSamples.lambda$afterEach$4(BaseTestForSamples.java:146)\n\tat core.ConfigTest.BaseTestForSamples.ifProxyEnabled(BaseTestForSamples.java:84)\n\tat core.ConfigTest.BaseTestForSamples.lambda$afterEach$5(BaseTestForSamples.java:144)\n\tat io.qameta.allure.Allure.lambda$step$3(Allure.java:152)\n\tat io.qameta.allure.Allure.step(Allure.java:181)\n\tat io.qameta.allure.Allure.step(Allure.java:150)\n\tat core.ConfigTest.BaseTestForSamples.afterEach(BaseTestForSamples.java:138)\n\tat java.base/jdk.internal.reflect.NativeMethodAccessorImpl.invoke0(Native Method)\n\tat java.base/jdk.internal.reflect.NativeMethodAccessorImpl.invoke(NativeMethodAccessorImpl.java:77)\n\tat java.base/jdk.internal.reflect.DelegatingMethodAccessorImpl.invoke(DelegatingMethodAccessorImpl.java:43)\n\tat java.base/java.lang.reflect.Method.invoke(Method.java:569)\n\tat org.junit.platform.commons.util.ReflectionUtils.invokeMethod(ReflectionUtils.java:728)\n\tat org.junit.jupiter.engine.execution.MethodInvocation.proceed(MethodInvocation.java:60)\n\tat org.junit.jupiter.engine.execution.InvocationInterceptorChain$ValidatingInvocation.proceed(InvocationInterceptorChain.java:131)\n\tat io.qameta.allure.junit5.AllureJunit5.processFixture(AllureJunit5.java:138)\n\tat io.qameta.allure.junit5.AllureJunit5.interceptAfterEachMethod(AllureJunit5.java:124)\n\tat org.junit.jupiter.engine.execution.InterceptingExecutableInvoker$ReflectiveInterceptorCall.lambda$ofVoidMethod$0(InterceptingExecutableInvoker.java:103)\n\tat org.junit.jupiter.engine.execution.InterceptingExecutableInvoker.lambda$invoke$0(InterceptingExecutableInvoker.java:93)\n\tat org.junit.jupiter.engine.execution.InvocationInterceptorChain$InterceptedInvocation.proceed(InvocationInterceptorChain.java:106)\n\tat org.junit.jupiter.engine.extension.TimeoutExtension.intercept(TimeoutExtension.java:156)\n\tat org.junit.jupiter.engine.extension.TimeoutExtension.interceptLifecycleMethod(TimeoutExtension.java:128)\n\tat org.junit.jupiter.engine.extension.TimeoutExtension.interceptAfterEachMethod(TimeoutExtension.java:110)\n\tat org.junit.jupiter.engine.execution.InterceptingExecutableInvoker$ReflectiveInterceptorCall.lambda$ofVoidMethod$0(InterceptingExecutableInvoker.java:103)\n\tat org.junit.jupiter.engine.execution.InterceptingExecutableInvoker.lambda$invoke$0(InterceptingExecutableInvoker.java:93)\n\tat org.junit.jupiter.engine.execution.InvocationInterceptorChain$InterceptedInvocation.proceed(InvocationInterceptorChain.java:106)\n\tat org.junit.jupiter.engine.execution.InvocationInterceptorChain.proceed(InvocationInterceptorChain.java:64)\n\tat org.junit.jupiter.engine.execution.InvocationInterceptorChain.chainAndInvoke(InvocationInterceptorChain.java:45)\n\tat org.junit.jupiter.engine.execution.InvocationInterceptorChain.invoke(InvocationInterceptorChain.java:37)\n\tat org.junit.jupiter.engine.execution.InterceptingExecutableInvoker.invoke(InterceptingExecutableInvoker.java:92)\n\tat org.junit.jupiter.engine.execution.InterceptingExecutableInvoker.invoke(InterceptingExecutableInvoker.java:86)\n\tat org.junit.jupiter.engine.descriptor.ClassBasedTestDescriptor.invokeMethodInExtensionContext(ClassBasedTestDescriptor.java:521)\n\tat org.junit.jupiter.engine.descriptor.ClassBasedTestDescriptor.lambda$synthesizeAfterEachMethodAdapter$24(ClassBasedTestDescriptor.java:511)\n\tat org.junit.jupiter.engine.descriptor.TestMethodTestDescriptor.lambda$invokeAfterEachMethods$10(TestMethodTestDescriptor.java:244)\n\tat org.junit.jupiter.engine.descriptor.TestMethodTestDescriptor.lambda$invokeAllAfterMethodsOrCallbacks$13(TestMethodTestDescriptor.java:277)\n\tat org.junit.platform.engine.support.hierarchical.ThrowableCollector.execute(ThrowableCollector.java:73)\n\tat org.junit.jupiter.engine.descriptor.TestMethodTestDescriptor.lambda$invokeAllAfterMethodsOrCallbacks$14(TestMethodTestDescriptor.java:277)\n\tat org.junit.platform.commons.util.CollectionUtils.forEachInReverseOrder(CollectionUtils.java:217)\n\tat org.junit.jupiter.engine.descriptor.TestMethodTestDescriptor.invokeAllAfterMethodsOrCallbacks(TestMethodTestDescriptor.java:276)\n\tat org.junit.jupiter.engine.descriptor.TestMethodTestDescriptor.invokeAfterEachMethods(TestMethodTestDescriptor.java:242)\n\tat org.junit.jupiter.engine.descriptor.TestMethodTestDescriptor.execute(TestMethodTestDescriptor.java:143)\n\tat org.junit.jupiter.engine.descriptor.TestMethodTestDescriptor.execute(TestMethodTestDescriptor.java:69)\n\tat org.junit.platform.engine.support.hierarchical.NodeTestTask.lambda$executeRecursively$6(NodeTestTask.java:156)\n\tat org.junit.platform.engine.support.hierarchical.ThrowableCollector.execute(ThrowableCollector.java:73)\n\tat org.junit.platform.engine.support.hierarchical.NodeTestTask.lambda$executeRecursively$8(NodeTestTask.java:146)\n\tat org.junit.platform.engine.support.hierarchical.Node.around(Node.java:137)\n\tat org.junit.platform.engine.support.hierarchical.NodeTestTask.lambda$executeRecursively$9(NodeTestTask.java:144)\n\tat org.junit.platform.engine.support.hierarchical.ThrowableCollector.execute(ThrowableCollector.java:73)\n\tat org.junit.platform.engine.support.hierarchical.NodeTestTask.executeRecursively(NodeTestTask.java:143)\n\tat org.junit.platform.engine.support.hierarchical.NodeTestTask.execute(NodeTestTask.java:100)\n\tat java.base/java.util.ArrayList.forEach(ArrayList.java:1511)\n\tat org.junit.platform.engine.support.hierarchical.SameThreadHierarchicalTestExecutorService.invokeAll(SameThreadHierarchicalTestExecutorService.java:41)\n\tat org.junit.platform.engine.support.hierarchical.NodeTestTask.lambda$executeRecursively$6(NodeTestTask.java:160)\n\tat org.junit.platform.engine.support.hierarchical.ThrowableCollector.execute(ThrowableCollector.java:73)\n\tat org.junit.platform.engine.support.hierarchical.NodeTestTask.lambda$executeRecursively$8(NodeTestTask.java:146)\n\tat org.junit.platform.engine.support.hierarchical.Node.around(Node.java:137)\n\tat org.junit.platform.engine.support.hierarchical.NodeTestTask.lambda$executeRecursively$9(NodeTestTask.java:144)\n\tat org.junit.platform.engine.support.hierarchical.ThrowableCollector.execute(ThrowableCollector.java:73)\n\tat org.junit.platform.engine.support.hierarchical.NodeTestTask.executeRecursively(NodeTestTask.java:143)\n\tat org.junit.platform.engine.support.hierarchical.NodeTestTask.execute(NodeTestTask.java:100)\n\tat java.base/java.util.ArrayList.forEach(ArrayList.java:1511)\n\tat org.junit.platform.engine.support.hierarchical.SameThreadHierarchicalTestExecutorService.invokeAll(SameThreadHierarchicalTestExecutorService.java:41)\n\tat org.junit.platform.engine.support.hierarchical.NodeTestTask.lambda$executeRecursively$6(NodeTestTask.java:160)\n\tat org.junit.platform.engine.support.hierarchical.ThrowableCollector.execute(ThrowableCollector.java:73)\n\tat org.junit.platform.engine.support.hierarchical.NodeTestTask.lambda$executeRecursively$8(NodeTestTask.java:146)\n\tat org.junit.platform.engine.support.hierarchical.Node.around(Node.java:137)\n\tat org.junit.platform.engine.support.hierarchical.NodeTestTask.lambda$executeRecursively$9(NodeTestTask.java:144)\n\tat org.junit.platform.engine.support.hierarchical.ThrowableCollector.execute(ThrowableCollector.java:73)\n\tat org.junit.platform.engine.support.hierarchical.NodeTestTask.executeRecursively(NodeTestTask.java:143)\n\tat org.junit.platform.engine.support.hierarchical.NodeTestTask.execute(NodeTestTask.java:100)\n\tat org.junit.platform.engine.support.hierarchical.SameThreadHierarchicalTestExecutorService.submit(SameThreadHierarchicalTestExecutorService.java:35)\n\tat org.junit.platform.engine.support.hierarchical.HierarchicalTestExecutor.execute(HierarchicalTestExecutor.java:57)\n\tat org.junit.platform.engine.support.hierarchical.HierarchicalTestEngine.execute(HierarchicalTestEngine.java:54)\n\tat org.junit.platform.launcher.core.EngineExecutionOrchestrator.execute(EngineExecutionOrchestrator.java:198)\n\tat org.junit.platform.launcher.core.EngineExecutionOrchestrator.execute(EngineExecutionOrchestrator.java:169)\n\tat org.junit.platform.launcher.core.EngineExecutionOrchestrator.execute(EngineExecutionOrchestrator.java:93)\n\tat org.junit.platform.launcher.core.EngineExecutionOrchestrator.lambda$execute$0(EngineExecutionOrchestrator.java:58)\n\tat org.junit.platform.launcher.core.EngineExecutionOrchestrator.withInterceptedStreams(EngineExecutionOrchestrator.java:141)\n\tat org.junit.platform.launcher.core.EngineExecutionOrchestrator.execute(EngineExecutionOrchestrator.java:57)\n\tat org.junit.platform.launcher.core.DefaultLauncher.execute(DefaultLauncher.java:103)\n\tat org.junit.platform.launcher.core.DefaultLauncher.execute(DefaultLauncher.java:85)\n\tat org.junit.platform.launcher.core.DelegatingLauncher.execute(DelegatingLauncher.java:47)\n\tat org.apache.maven.surefire.junitplatform.LazyLauncher.execute(LazyLauncher.java:56)\n\tat org.apache.maven.surefire.junitplatform.JUnitPlatformProvider.lambda$execute$1(JUnitPlatformProvider.java:191)\n\tat java.base/java.util.Iterator.forEachRemaining(Iterator.java:133)\n\tat org.apache.maven.surefire.junitplatform.JUnitPlatformProvider.execute(JUnitPlatformProvider.java:186)\n\tat org.apache.maven.surefire.junitplatform.JUnitPlatformProvider.invokeAllTests(JUnitPlatformProvider.java:148)\n\tat org.apache.maven.surefire.junitplatform.JUnitPlatformProvider.invoke(JUnitPlatformProvider.java:118)\n\tat org.apache.maven.surefire.booter.ForkedBooter.runSuitesInProcess(ForkedBooter.java:385)\n\tat org.apache.maven.surefire.booter.ForkedBooter.execute(ForkedBooter.java:162)\n\tat org.apache.maven.surefire.booter.ForkedBooter.run(ForkedBooter.java:507)\n\tat org.apache.maven.surefire.booter.ForkedBooter.main(ForkedBooter.java:495)\n","steps":[],"attachments":[],"parameters":[{"name":"startTime","value":"21:05:53 04-04-2025"}],"shouldDisplayMessage":true,"stepsCount":0,"attachmentsCount":0,"hasContent":true,"attachmentStep":false}],"attachments":[],"parameters":[],"shouldDisplayMessage":false,"stepsCount":1,"attachmentsCount":0,"hasContent":true,"attachmentStep":false}],"labels":[{"name":"tag","value":"Negative"},{"name":"tag","value":"application/Samples"},{"name":"tag","value":"Form"},{"name":"junit.platform.uniqueid","value":"[engine:junit-jupiter]/[class:application.Samples.Form.MoneyOnFormTest]/[method:businessException()]"},{"name":"epic","value":"application/Samples"},{"name":"host","value":"fv-az1784-745"},{"name":"thread","value":"3669@fv-az1784-745.main(1)"},{"name":"framework","value":"junit-platform"},{"name":"language","value":"java"},{"name":"package","value":"application.Samples.Form.MoneyOnFormTest"},{"name":"testClass","value":"application.Samples.Form.MoneyOnFormTest"},{"name":"testMethod","value":"businessException"},{"name":"suite","value":"Form. Checking the basic functions for the Money in the widget Form"},{"name":"severity","value":"critical"},{"name":"resultFormat","value":"allure2"}],"parameters":[],"links":[],"hidden":false,"retry":false,"extra":{"severity":"critical","retries":[],"categories":[{"name":"Test defects","matchedStatuses":[],"flaky":false}],"tags":["application/Samples","Negative","Form"]},"source":"d67cae48ecbbd10c.json","parameterValues":[]}